Arguments: 
  /home/wangkai/.nvm/versions/node/v9.4.0/bin/node /home/wangkai/.nvm/versions/node/v9.4.0/bin/yarn install

PATH: 
  /home/wangkai/.nvm/versions/node/v9.4.0/bin:/home/wangkai/bin:/home/wangkai/.local/bin:/opt/node-v6.11.3-linux-x64/bin:/usr/local/sbin:/usr/local/bin:/usr/sbin:/usr/bin:/sbin:/bin:/usr/games:/usr/local/games:/snap/bin

Yarn version: 
  1.5.1

Node version: 
  9.4.0

Platform: 
  linux x64

npm manifest: 
  {
    "name": "hexo-site",
    "version": "0.0.0",
    "private": true,
    "hexo": {
      "version": "3.4.4"
    },
    "dependencies": {
      "hexo": "^3.1.0",
      "hexo-deployer-git": "0.0.4",
      "hexo-deployer-rsync": "^0.1.2",
      "hexo-generator-archive": "^0.1.3",
      "hexo-generator-baidu-sitemap": "^0.1.2",
      "hexo-generator-category": "^0.1.3",
      "hexo-generator-feed": "^1.2.0",
      "hexo-generator-index": "^0.1.3",
      "hexo-generator-json-content": "^3.0.1",
      "hexo-generator-json-feed": "^1.0.0",
      "hexo-generator-sitemap": "^1.1.2",
      "hexo-generator-tag": "^0.1.2",
      "hexo-helper-qrcode": "^1.0.1",
      "hexo-renderer-ejs": "^0.1.0",
      "hexo-renderer-marked": "^0.2.5",
      "hexo-renderer-stylus": "^0.2.3",
      "hexo-server": "^0.1.2"
    }
  }

yarn manifest: 
  No manifest

Lockfile: 
  No lockfile

Trace: 
  Error: ENOENT: no such file or directory, copyfile '/home/wangkai/.cache/yarn/v1/npm-is-number-2.1.0-01fcbbb393463a548f2f466cce16dece49db908f/LICENSE' -> '/home/wangkai/demo/hexo/node_modules/expand-range/node_modules/is-number/LICENSE'
